0 info it worked if it ends with ok
1 verbose cli [ '/usr/local/bin/node', '/usr/local/bin/npm', 'run', 'test' ]
2 info using npm@3.10.10
3 info using node@v6.10.2
4 verbose run-script [ 'pretest', 'test', 'posttest' ]
5 info lifecycle session-1@1.0.0~pretest: session-1@1.0.0
6 silly lifecycle session-1@1.0.0~pretest: no script for pretest, continuing
7 info lifecycle session-1@1.0.0~test: session-1@1.0.0
8 verbose lifecycle session-1@1.0.0~test: unsafe-perm in lifecycle true
9 verbose lifecycle session-1@1.0.0~test: PATH: /usr/local/lib/node_modules/npm/bin/node-gyp-bin:/Users/danieldeverell/Desktop/_NYU-github/_front-end-intermediate/session-1/node_modules/.bin:/Users/danieldeverell/.rvm/gems/ruby-1.9.2-p290/bin:/Users/danieldeverell/.rvm/gems/ruby-1.9.2-p290@global/bin:/Users/danieldeverell/.rvm/rubies/ruby-1.9.2-p290/bin:/Users/danieldeverell/.rvm/bin:/opt/local/bin:/opt/local/sbin:/opt/local/bin:/opt/local/sbin:/Users/danieldeverell/Documents/Barclays/_mobile/android-sdk-mac_86/tools:/opt/local/bin:/opt/local/sbin:/usr/local/bin:/usr/local/sbin:/usr/local/mysql/bin:/usr/local/bin:/usr/bin:/bin:/usr/sbin:/sbin
10 verbose lifecycle session-1@1.0.0~test: CWD: /Users/danieldeverell/Desktop/_NYU-github/_front-end-intermediate/session-1
11 silly lifecycle session-1@1.0.0~test: Args: [ '-c', 'echo "Error: no test specified" && exit 1' ]
12 silly lifecycle session-1@1.0.0~test: Returned: code: 1  signal: null
13 info lifecycle session-1@1.0.0~test: Failed to exec test script
14 verbose stack Error: session-1@1.0.0 test: `echo "Error: no test specified" && exit 1`
14 verbose stack Exit status 1
14 verbose stack     at EventEmitter.<anonymous> (/usr/local/lib/node_modules/npm/lib/utils/lifecycle.js:255:16)
14 verbose stack     at emitTwo (events.js:106:13)
14 verbose stack     at EventEmitter.emit (events.js:191:7)
14 verbose stack     at ChildProcess.<anonymous> (/usr/local/lib/node_modules/npm/lib/utils/spawn.js:40:14)
14 verbose stack     at emitTwo (events.js:106:13)
14 verbose stack     at ChildProcess.emit (events.js:191:7)
14 verbose stack     at maybeClose (internal/child_process.js:886:16)
14 verbose stack     at Process.ChildProcess._handle.onexit (internal/child_process.js:226:5)
15 verbose pkgid session-1@1.0.0
16 verbose cwd /Users/danieldeverell/Desktop/_NYU-github/_front-end-intermediate/session-1
17 error Darwin 17.4.0
18 error argv "/usr/local/bin/node" "/usr/local/bin/npm" "run" "test"
19 error node v6.10.2
20 error npm  v3.10.10
21 error code ELIFECYCLE
22 error session-1@1.0.0 test: `echo "Error: no test specified" && exit 1`
22 error Exit status 1
23 error Failed at the session-1@1.0.0 test script 'echo "Error: no test specified" && exit 1'.
23 error Make sure you have the latest version of node.js and npm installed.
23 error If you do, this is most likely a problem with the session-1 package,
23 error not with npm itself.
23 error Tell the author that this fails on your system:
23 error     echo "Error: no test specified" && exit 1
23 error You can get information on how to open an issue for this project with:
23 error     npm bugs session-1
23 error Or if that isn't available, you can get their info via:
23 error     npm owner ls session-1
23 error There is likely additional logging output above.
24 verbose exit [ 1, true ]
